<?xml version="1.0" encoding="UTF-8"?>
<!-- Generated by org.testng.reporters.JUnitReportReporter -->
<testsuite hostname="BHAVNAWKS107" name="com.bsip.TeamCityLPQ.CreditCardForm" tests="1" failures="0" timestamp="1 May 2019 07:17:51 GMT" time="7.826" errors="0">
  <testcase name="openBrowser" time="7.826" classname="com.bsip.TeamCityLPQ.CreditCardForm"/>
</testsuite> <!-- com.bsip.TeamCityLPQ.CreditCardForm -->
